  модуль для ооп обертки над конвеером опенгл.cpp
C:\Users\kornello\source\repos\модуль для ооп обертки над конвеером опенгл\модуль для ооп обертки над конвеером опенгл\window\src\window.inl(12,28): warning C4305: аргумент: усечение из "double" в "GLclampf"
  (компиляция исходного файла "модуль для ооп обертки над конвеером опенгл.cpp")
  
C:\Users\kornello\source\repos\модуль для ооп обертки над конвеером опенгл\модуль для ооп обертки над конвеером опенгл\window\src\window.inl(12,23): warning C4305: аргумент: усечение из "double" в "GLclampf"
  (компиляция исходного файла "модуль для ооп обертки над конвеером опенгл.cpp")
  
C:\Users\kornello\source\repos\модуль для ооп обертки над конвеером опенгл\модуль для ооп обертки над конвеером опенгл\window\src\window.inl(12,18): warning C4305: аргумент: усечение из "double" в "GLclampf"
  (компиляция исходного файла "модуль для ооп обертки над конвеером опенгл.cpp")
  
C:\Users\kornello\source\repos\модуль для ооп обертки над конвеером опенгл\модуль для ооп обертки над конвеером опенгл\window\src\window.inl(17,27): warning C4244: аргумент: преобразование "int" в "GLclampf", возможна потеря данных
  (компиляция исходного файла "модуль для ооп обертки над конвеером опенгл.cpp")
  
C:\Users\kornello\source\repos\модуль для ооп обертки над конвеером опенгл\модуль для ооп обертки над конвеером опенгл\window\src\window.inl(17,24): warning C4244: аргумент: преобразование "int" в "GLclampf", возможна потеря данных
  (компиляция исходного файла "модуль для ооп обертки над конвеером опенгл.cpp")
  
C:\Users\kornello\source\repos\модуль для ооп обертки над конвеером опенгл\модуль для ооп обертки над конвеером опенгл\window\src\window.inl(17,21): warning C4244: аргумент: преобразование "int" в "GLclampf", возможна потеря данных
  (компиляция исходного файла "модуль для ооп обертки над конвеером опенгл.cpp")
  
C:\Users\kornello\source\repos\модуль для ооп обертки над конвеером опенгл\модуль для ооп обертки над конвеером опенгл\window\src\window.inl(17,18): warning C4244: аргумент: преобразование "int" в "GLclampf", возможна потеря данных
  (компиляция исходного файла "модуль для ооп обертки над конвеером опенгл.cpp")
  
C:\Users\kornello\source\repos\модуль для ооп обертки над конвеером опенгл\модуль для ооп обертки над конвеером опенгл\gpu\gpuBuffer\gpuBuffer.hpp(45,43): warning C4267: аргумент: преобразование из "size_t" в "GLuint"; возможна потеря данных
  (компиляция исходного файла "модуль для ооп обертки над конвеером опенгл.cpp")
      C:\Users\kornello\source\repos\модуль для ооп обертки над конвеером опенгл\модуль для ооп обертки над конвеером опенгл\gpu\gpuBuffer\gpuBuffer.hpp(45,43):
      контекст создания экземпляра шаблона (сначала самый старый)
          C:\Users\kornello\source\repos\модуль для ооп обертки над конвеером опенгл\модуль для ооп обертки над конвеером опенгл\модуль для ооп обертки над конвеером опенгл.cpp(30,16):
          выполняется компиляция ссылки на экземпляр шаблон функции "void engine::gpu::Buffer::upload<std::vector<vec3,std::allocator<vec3>>&>(Container)"
          with
          [
              Container=std::vector<vec3,std::allocator<vec3>> &
          ]
  
  модуль для ооп обертки над конвеером опенгл.vcxproj -> C:\Users\kornello\source\repos\модуль для ооп обертки над конвеером опенгл\x64\Debug\модуль для ооп обертки над конвеером опенгл.exe
  "pwsh.exe" не является внутренней или внешней
  командой, исполняемой программой или пакетным файлом.
